0 info it worked if it ends with ok
1 verbose cli [ '/Users/aj/.nvm/versions/node/v7.1.0/bin/node',
1 verbose cli   '/Users/aj/.nvm/versions/node/v7.1.0/bin/npm',
1 verbose cli   'start' ]
2 info using npm@3.10.9
3 info using node@v7.1.0
4 verbose stack Error: Failed to parse json
4 verbose stack Unexpected token 'a' at 23:4
4 verbose stack   "author": "A.J. Varshneya",
4 verbose stack    ^
4 verbose stack     at parseError (/Users/aj/.nvm/versions/node/v7.1.0/lib/node_modules/npm/node_modules/read-package-json/read-json.js:390:11)
4 verbose stack     at parseJson (/Users/aj/.nvm/versions/node/v7.1.0/lib/node_modules/npm/node_modules/read-package-json/read-json.js:79:23)
4 verbose stack     at /Users/aj/.nvm/versions/node/v7.1.0/lib/node_modules/npm/node_modules/read-package-json/read-json.js:48:5
4 verbose stack     at /Users/aj/.nvm/versions/node/v7.1.0/lib/node_modules/npm/node_modules/graceful-fs/graceful-fs.js:78:16
4 verbose stack     at tryToString (fs.js:425:3)
4 verbose stack     at FSReqWrap.readFileAfterClose [as oncomplete] (fs.js:412:12)
5 verbose cwd /Users/aj/Documents/react-calculator
6 error Darwin 16.1.0
7 error argv "/Users/aj/.nvm/versions/node/v7.1.0/bin/node" "/Users/aj/.nvm/versions/node/v7.1.0/bin/npm" "start"
8 error node v7.1.0
9 error npm  v3.10.9
10 error file /Users/aj/Documents/react-calculator/package.json
11 error code EJSONPARSE
12 error Failed to parse json
12 error Unexpected token 'a' at 23:4
12 error   "author": "A.J. Varshneya",
12 error    ^
13 error File: /Users/aj/Documents/react-calculator/package.json
14 error Failed to parse package.json data.
14 error package.json must be actual JSON, not just JavaScript.
14 error
14 error This is not a bug in npm.
14 error Tell the package author to fix their package.json file. JSON.parse
15 verbose exit [ 1, true ]
